# JRE version: Java(TM) SE Runtime Environment (12.0.1+12) (build 12.0.1+12)
# Java VM: Java HotSpot(TM) 64-Bit Server VM (12.0.1+12, mixed mode, sharing, tiered, compressed oops, g1 gc, windows-amd64)
Heap:
 garbage-first heap   total 734208K, used 301620K [0x00000000c5000000, 0x0000000100000000)
  region size 1024K, 4 young (4096K), 4 survivors (4096K)
 Metaspace       used 5842K, capacity 6800K, committed 6912K, reserved 1056768K
  class space    used 691K, capacity 920K, committed 1024K, reserved 1048576K
GC Heap History (10 events):
Event: 19.250 GC heap after
{Heap after GC invocations=26 (full 0):
 garbage-first heap   total 578560K, used 242176K [0x00000000c5000000, 0x0000000100000000)
  region size 1024K, 14 young (14336K), 14 survivors (14336K)
 Metaspace       used 5842K, capacity 6800K, committed 6912K, reserved 1056768K
  class space    used 691K, capacity 920K, committed 1024K, reserved 1048576K
}
Event: 20.294 GC heap before
{Heap before GC invocations=27 (full 0):
 garbage-first heap   total 578560K, used 256512K [0x00000000c5000000, 0x0000000100000000)
  region size 1024K, 28 young (28672K), 14 survivors (14336K)
 Metaspace       used 5842K, capacity 6800K, committed 6912K, reserved 1056768K
  class space    used 691K, capacity 920K, committed 1024K, reserved 1048576K
}
Event: 20.312 GC heap after
{Heap after GC invocations=28 (full 0):
 garbage-first heap   total 578560K, used 247808K [0x00000000c5000000, 0x0000000100000000)
  region size 1024K, 4 young (4096K), 4 survivors (4096K)
 Metaspace       used 5842K, capacity 6800K, committed 6912K, reserved 1056768K
  class space    used 691K, capacity 920K, committed 1024K, reserved 1048576K
}
Event: 20.375 GC heap before
{Heap before GC invocations=28 (full 0):
 garbage-first heap   total 578560K, used 272384K [0x00000000c5000000, 0x0000000100000000)
  region size 1024K, 28 young (28672K), 4 survivors (4096K)
 Metaspace       used 5842K, capacity 6800K, committed 6912K, reserved 1056768K
  class space    used 691K, capacity 920K, committed 1024K, reserved 1048576K
}
Event: 20.393 GC heap after
{Heap after GC invocations=29 (full 0):
 garbage-first heap   total 578560K, used 256000K [0x00000000c5000000, 0x0000000100000000)
  region size 1024K, 4 young (4096K), 4 survivors (4096K)
 Metaspace       used 5842K, capacity 6800K, committed 6912K, reserved 1056768K
  class space    used 691K, capacity 920K, committed 1024K, reserved 1048576K
}
Event: 20.459 GC heap before
{Heap before GC invocations=29 (full 0):
 garbage-first heap   total 578560K, used 280576K [0x00000000c5000000, 0x0000000100000000)
  region size 1024K, 28 young (28672K), 4 survivors (4096K)
 Metaspace       used 5842K, capacity 6800K, committed 6912K, reserved 1056768K
  class space    used 691K, capacity 920K, committed 1024K, reserved 1048576K
}
Event: 20.473 GC heap after
{Heap after GC invocations=30 (full 0):
 garbage-first heap   total 578560K, used 264144K [0x00000000c5000000, 0x0000000100000000)
  region size 1024K, 4 young (4096K), 4 survivors (4096K)
 Metaspace       used 5842K, capacity 6800K, committed 6912K, reserved 1056768K
  class space    used 691K, capacity 920K, committed 1024K, reserved 1048576K
}
Event: 20.483 GC heap before
{Heap before GC invocations=30 (full 0):
 garbage-first heap   total 578560K, used 279504K [0x00000000c5000000, 0x0000000100000000)
  region size 1024K, 20 young (20480K), 4 survivors (4096K)
 Metaspace       used 5842K, capacity 6800K, committed 6912K, reserved 1056768K
  class space    used 691K, capacity 920K, committed 1024K, reserved 1048576K
}
Event: 21.155 GC heap after
{Heap after GC invocations=31 (full 0):
 garbage-first heap   total 578560K, used 269713K [0x00000000c5000000, 0x0000000100000000)
  region size 1024K, 4 young (4096K), 4 survivors (4096K)
 Metaspace       used 5842K, capacity 6800K, committed 6912K, reserved 1056768K
  class space    used 691K, capacity 920K, committed 1024K, reserved 1048576K
}
Event: 21.801 GC heap before
{Heap before GC invocations=31 (full 0):
 garbage-first heap   total 578560K, used 318865K [0x00000000c5000000, 0x0000000100000000)
  region size 1024K, 28 young (28672K), 4 survivors (4096K)
 Metaspace       used 5842K, capacity 6800K, committed 6912K, reserved 1056768K
  class space    used 691K, capacity 920K, committed 1024K, reserved 1048576K
}

