# JRE version: Java(TM) SE Runtime Environment (12.0.1+12) (build 12.0.1+12)
# Java VM: Java HotSpot(TM) 64-Bit Server VM (12.0.1+12, mixed mode, sharing, tiered, compressed oops, g1 gc, windows-amd64)
Heap:
 garbage-first heap   total 676864K, used 363097K [0x00000000c5000000, 0x0000000100000000)
  region size 1024K, 3 young (3072K), 3 survivors (3072K)
 Metaspace       used 5847K, capacity 6800K, committed 6912K, reserved 1056768K
  class space    used 691K, capacity 920K, committed 1024K, reserved 1048576K
GC Heap History (10 events):
Event: 19.751 GC heap after
{Heap after GC invocations=28 (full 0):
 garbage-first heap   total 483328K, used 305032K [0x00000000c5000000, 0x0000000100000000)
  region size 1024K, 3 young (3072K), 3 survivors (3072K)
 Metaspace       used 5847K, capacity 6800K, committed 6912K, reserved 1056768K
  class space    used 691K, capacity 920K, committed 1024K, reserved 1048576K
}
Event: 19.831 GC heap before
{Heap before GC invocations=28 (full 0):
 garbage-first heap   total 483328K, used 349064K [0x00000000c5000000, 0x0000000100000000)
  region size 1024K, 46 young (47104K), 3 survivors (3072K)
 Metaspace       used 5847K, capacity 6800K, committed 6912K, reserved 1056768K
  class space    used 691K, capacity 920K, committed 1024K, reserved 1048576K
}
Event: 19.848 GC heap after
{Heap after GC invocations=29 (full 0):
 garbage-first heap   total 483328K, used 318171K [0x00000000c5000000, 0x0000000100000000)
  region size 1024K, 6 young (6144K), 6 survivors (6144K)
 Metaspace       used 5847K, capacity 6800K, committed 6912K, reserved 1056768K
  class space    used 691K, capacity 920K, committed 1024K, reserved 1048576K
}
Event: 20.084 GC heap before
{Heap before GC invocations=30 (full 0):
 garbage-first heap   total 483328K, used 376539K [0x00000000c5000000, 0x0000000100000000)
  region size 1024K, 63 young (64512K), 6 survivors (6144K)
 Metaspace       used 5847K, capacity 6800K, committed 6912K, reserved 1056768K
  class space    used 691K, capacity 920K, committed 1024K, reserved 1048576K
}
Event: 20.153 GC heap after
{Heap after GC invocations=31 (full 0):
 garbage-first heap   total 483328K, used 335811K [0x00000000c5000000, 0x0000000100000000)
  region size 1024K, 8 young (8192K), 8 survivors (8192K)
 Metaspace       used 5847K, capacity 6800K, committed 6912K, reserved 1056768K
  class space    used 691K, capacity 920K, committed 1024K, reserved 1048576K
}
Event: 20.279 GC heap before
{Heap before GC invocations=31 (full 0):
 garbage-first heap   total 483328K, used 387011K [0x00000000c5000000, 0x0000000100000000)
  region size 1024K, 58 young (59392K), 8 survivors (8192K)
 Metaspace       used 5847K, capacity 6800K, committed 6912K, reserved 1056768K
  class space    used 691K, capacity 920K, committed 1024K, reserved 1048576K
}
Event: 20.914 GC heap after
{Heap after GC invocations=32 (full 0):
 garbage-first heap   total 483328K, used 351321K [0x00000000c5000000, 0x0000000100000000)
  region size 1024K, 8 young (8192K), 8 survivors (8192K)
 Metaspace       used 5847K, capacity 6800K, committed 6912K, reserved 1056768K
  class space    used 691K, capacity 920K, committed 1024K, reserved 1048576K
}
Event: 20.929 GC heap before
{Heap before GC invocations=32 (full 0):
 garbage-first heap   total 483328K, used 366681K [0x00000000c5000000, 0x0000000100000000)
  region size 1024K, 23 young (23552K), 8 survivors (8192K)
 Metaspace       used 5847K, capacity 6800K, committed 6912K, reserved 1056768K
  class space    used 691K, capacity 920K, committed 1024K, reserved 1048576K
}
Event: 21.571 GC heap after
{Heap after GC invocations=33 (full 0):
 garbage-first heap   total 483328K, used 356441K [0x00000000c5000000, 0x0000000100000000)
  region size 1024K, 3 young (3072K), 3 survivors (3072K)
 Metaspace       used 5847K, capacity 6800K, committed 6912K, reserved 1056768K
  class space    used 691K, capacity 920K, committed 1024K, reserved 1048576K
}
Event: 21.583 GC heap before
{Heap before GC invocations=33 (full 0):
 garbage-first heap   total 483328K, used 376921K [0x00000000c5000000, 0x0000000100000000)
  region size 1024K, 23 young (23552K), 3 survivors (3072K)
 Metaspace       used 5847K, capacity 6800K, committed 6912K, reserved 1056768K
  class space    used 691K, capacity 920K, committed 1024K, reserved 1048576K
}

